0 verbose cli /usr/local/bin/node /usr/local/bin/npm
1 info using npm@11.9.0
2 info using node@v24.14.0
3 silly config load:file:/usr/local/lib/node_modules/npm/npmrc
4 silly config load:file:/Users/lloyd.dacles/Documents/Cursor Project/faculty-scheduling-system/backend/.npmrc
5 silly config load:file:/Users/lloyd.dacles/.npmrc
6 silly config load:file:/usr/local/etc/npmrc
7 verbose title npm install express-rate-limit cookie-parser
8 verbose argv "install" "express-rate-limit" "cookie-parser" "--cache" "./.npm-cache" "--save"
9 verbose logfile logs-max:10 dir:/Users/lloyd.dacles/Documents/Cursor Project/faculty-scheduling-system/backend/backend/.npm-cache/_logs/2026-04-03T11_34_18_223Z-
10 verbose logfile /Users/lloyd.dacles/Documents/Cursor Project/faculty-scheduling-system/backend/backend/.npm-cache/_logs/2026-04-03T11_34_18_223Z-debug-0.log
11 silly logfile done cleaning log files
12 silly packumentCache heap:4496293888 maxSize:1124073472 maxEntrySize:562036736
13 silly idealTree buildDeps
14 silly fetch manifest bcryptjs@^2.4.3
15 silly packumentCache full:https://registry.npmjs.org/bcryptjs cache-miss
16 verbose shrinkwrap failed to load node_modules/.package-lock.json out of date, updated: node_modules
17 http fetch GET 200 https://registry.npmjs.org/bcryptjs 218ms (cache miss)
18 silly packumentCache full:https://registry.npmjs.org/bcryptjs set size:undefined disposed:false
19 silly fetch manifest express-rate-limit@*
20 silly packumentCache full:https://registry.npmjs.org/express-rate-limit cache-miss
21 http fetch GET 200 https://registry.npmjs.org/npm 459ms
22 http fetch GET 200 https://registry.npmjs.org/express-rate-limit 169ms (cache miss)
23 silly packumentCache full:https://registry.npmjs.org/express-rate-limit set size:undefined disposed:false
24 silly fetch manifest express@^4.18.2
25 silly packumentCache full:https://registry.npmjs.org/express cache-miss
26 http fetch GET 200 https://registry.npmjs.org/express 303ms (cache miss)
27 silly packumentCache full:https://registry.npmjs.org/express set size:undefined disposed:false
28 silly fetch manifest cookie-parser@*
29 silly packumentCache full:https://registry.npmjs.org/cookie-parser cache-miss
30 http fetch GET 200 https://registry.npmjs.org/cookie-parser 93ms (cache miss)
31 silly packumentCache full:https://registry.npmjs.org/cookie-parser set size:undefined disposed:false
32 silly fetch manifest @types/bcryptjs@^2.4.6
33 silly packumentCache full:https://registry.npmjs.org/@types%2fbcryptjs cache-miss
34 http fetch GET 200 https://registry.npmjs.org/@types%2fbcryptjs 233ms (cache miss)
35 silly packumentCache full:https://registry.npmjs.org/@types%2fbcryptjs set size:undefined disposed:false
36 silly placeDep ROOT @types/bcryptjs@2.4.6 OK for: faculty-scheduling-system-backend@1.0.0 want: ^2.4.6
37 silly placeDep ROOT bcryptjs@2.4.3 OK for: faculty-scheduling-system-backend@1.0.0 want: ^2.4.3
38 silly placeDep ROOT cookie-parser@1.4.7 OK for: faculty-scheduling-system-backend@1.0.0 want: *
39 silly placeDep ROOT express-rate-limit@8.3.2 OK for: faculty-scheduling-system-backend@1.0.0 want: *
40 silly fetch manifest cookie-signature@1.0.6
41 silly packumentCache full:https://registry.npmjs.org/cookie-signature cache-miss
42 silly fetch manifest ip-address@10.1.0
43 silly packumentCache full:https://registry.npmjs.org/ip-address cache-miss
44 http fetch GET 200 https://registry.npmjs.org/cookie-signature 55ms (cache miss)
45 silly packumentCache full:https://registry.npmjs.org/cookie-signature set size:undefined disposed:false
46 http fetch GET 200 https://registry.npmjs.org/ip-address 127ms (cache miss)
47 silly packumentCache full:https://registry.npmjs.org/ip-address set size:undefined disposed:false
48 silly fetch manifest typescript@>=4.8.4 <6.0.0
49 silly packumentCache full:https://registry.npmjs.org/typescript cache-miss
50 http fetch GET 200 https://registry.npmjs.org/typescript 865ms (cache miss)
51 silly packumentCache full:https://registry.npmjs.org/typescript set size:undefined disposed:false
52 verbose stack Error: could not resolve
52 verbose stack     at PlaceDep.failPeerConflict (/usr/local/lib/node_modules/npm/node_modules/@npmcli/arborist/lib/place-dep.js:503:25)
52 verbose stack     at new PlaceDep (/usr/local/lib/node_modules/npm/node_modules/@npmcli/arborist/lib/place-dep.js:157:21)
52 verbose stack     at #buildDepStep (/usr/local/lib/node_modules/npm/node_modules/@npmcli/arborist/lib/arborist/build-ideal-tree.js:932:18)
52 verbose stack     at async Arborist.buildIdealTree (/usr/local/lib/node_modules/npm/node_modules/@npmcli/arborist/lib/arborist/build-ideal-tree.js:170:7)
52 verbose stack     at async Promise.all (index 1)
52 verbose stack     at async Arborist.reify (/usr/local/lib/node_modules/npm/node_modules/@npmcli/arborist/lib/arborist/reify.js:110:5)
52 verbose stack     at async Install.exec (/usr/local/lib/node_modules/npm/lib/commands/install.js:151:5)
52 verbose stack     at async Npm.exec (/usr/local/lib/node_modules/npm/lib/npm.js:208:9)
52 verbose stack     at async module.exports (/usr/local/lib/node_modules/npm/lib/cli/entry.js:67:5)
53 error code ERESOLVE
54 error ERESOLVE could not resolve
55 error
56 error While resolving: @typescript-eslint/eslint-plugin@8.57.2
56 error Found: typescript@6.0.2[2m[22m
56 error [2mnode_modules/typescript[22m
56 error   [95mpeer[39m typescript@">=4.8.4" from ts-api-utils@2.5.0[2m[22m
56 error   [2mnode_modules/ts-api-utils[22m
56 error     ts-api-utils@"^2.4.0" from @typescript-eslint/eslint-plugin@8.57.2[2m[22m
56 error     [2mnode_modules/@typescript-eslint/eslint-plugin[22m
56 error       [34mdev[39m @typescript-eslint/eslint-plugin@"^8.57.2" from the root project
56 error     ts-api-utils@"^2.4.0" from @typescript-eslint/type-utils@8.57.2[2m[22m
56 error     [2mnode_modules/@typescript-eslint/type-utils[22m
56 error       @typescript-eslint/type-utils@"8.57.2" from @typescript-eslint/eslint-plugin@8.57.2[2m[22m
56 error       [2mnode_modules/@typescript-eslint/eslint-plugin[22m
56 error         [34mdev[39m @typescript-eslint/eslint-plugin@"^8.57.2" from the root project
56 error     1 more (@typescript-eslint/typescript-estree)
56 error   [95mpeer[39m typescript@">=2.7" from ts-node@10.9.2[2m[22m
56 error   [2mnode_modules/ts-node[22m
56 error     peerOptional ts-node@">=9.0.0" from jest-config@30.3.0[2m[22m
56 error     [2mnode_modules/jest-config[22m
56 error       jest-config@"30.3.0" from @jest/core@30.3.0[2m[22m
56 error       [2mnode_modules/@jest/core[22m
56 error         @jest/core@"30.3.0" from jest@30.3.0[2m[22m
56 error         [2mnode_modules/jest[22m
56 error         1 more (jest-cli)
56 error       1 more (jest-cli)
56 error     ts-node@"^10.4.0" from ts-node-dev@2.0.0[2m[22m
56 error     [2mnode_modules/ts-node-dev[22m
56 error       [34mdev[39m ts-node-dev@"^2.0.0" from the root project
56 error     1 more (the root project)
56 error   2 more (ts-node-dev, the root project)
56 error
56 error Could not resolve dependency:
56 error [95mpeer[39m typescript@">=4.8.4 <6.0.0" from @typescript-eslint/eslint-plugin@8.57.2[2m[22m
56 error [2mnode_modules/@typescript-eslint/eslint-plugin[22m
56 error   [34mdev[39m @typescript-eslint/eslint-plugin@"^8.57.2" from the root project
56 error
56 error Conflicting peer dependency: typescript@5.9.3[2m[22m
56 error [2mnode_modules/typescript[22m
56 error   [95mpeer[39m typescript@">=4.8.4 <6.0.0" from @typescript-eslint/eslint-plugin@8.57.2[2m[22m
56 error   [2mnode_modules/@typescript-eslint/eslint-plugin[22m
56 error     [34mdev[39m @typescript-eslint/eslint-plugin@"^8.57.2" from the root project
56 error
56 error Fix the upstream dependency conflict, or retry
56 error this command with --force or --legacy-peer-deps
56 error to accept an incorrect (and potentially broken) dependency resolution.
57 error
57 error
57 error For a full report see:
57 error /Users/lloyd.dacles/Documents/Cursor Project/faculty-scheduling-system/backend/backend/.npm-cache/_logs/2026-04-03T11_34_18_223Z-eresolve-report.txt
58 silly unfinished npm timer reify 1775216058320
59 silly unfinished npm timer reify:loadTrees 1775216058320
60 silly unfinished npm timer idealTree:buildDeps 1775216058387
61 silly unfinished npm timer idealTree:node_modules/@typescript-eslint/eslint-plugin 1775216059555
62 verbose cwd /Users/lloyd.dacles/Documents/Cursor Project/faculty-scheduling-system/backend/backend
63 verbose os Darwin 25.2.0
64 verbose node v24.14.0
65 verbose npm  v11.9.0
66 notice
66 notice New [33mminor[39m version of npm available! [33m11.9.0[39m -> [34m11.12.1[39m
66 notice Changelog: [34mhttps://github.com/npm/cli/releases/tag/v11.12.1[39m
66 notice To update run: [4mnpm install -g npm@11.12.1[24m
66 notice  { force: true, Symbol(proc-log.meta): true }
67 verbose exit 1
68 verbose code 1
69 error A complete log of this run can be found in: /Users/lloyd.dacles/Documents/Cursor Project/faculty-scheduling-system/backend/backend/.npm-cache/_logs/2026-04-03T11_34_18_223Z-debug-0.log
